Starting training... [10do 0910] [8, 256, 2, 2]
Epoch 1: Training Loss 0.09771445683217288
Epoch 2: Training Loss 0.0664719741116977
Epoch 3: Training Loss 0.06318512093505424
Epoch 4: Training Loss 0.060165907914725994
Epoch 5: Training Loss 0.05906723614600859
Epoch 6: Training Loss 0.058898232963225286
Epoch 7: Training Loss 0.05942407936221357
Epoch 8: Training Loss 0.05795455061150606
Epoch 9: Training Loss 0.05782372241706617
Epoch 10: Training Loss 0.057371896161348274
Epoch 11: Training Loss 0.05740827436109716
Epoch 12: Training Loss 0.05782882381809145
Epoch 13: Training Loss 0.05680626356822403
Epoch 14: Training Loss 0.056448650318171895
Epoch 15: Training Loss 0.056278091891824124
Epoch 16: Training Loss 0.05680709885329374
Epoch 17: Training Loss 0.05690966089645456
Epoch 18: Training Loss 0.05617283973282751
Epoch 19: Training Loss 0.055603489810791655
Epoch 20: Training Loss 0.05601875462407126
Epoch 21: Training Loss 0.055392783855085725
Epoch 22: Training Loss 0.05594704442129515
Epoch 23: Training Loss 0.05608494600228981
Epoch 24: Training Loss 0.055416628009746956
Epoch 25: Training Loss 0.054817641940221075
Epoch 26: Training Loss 0.05471502062884209
Epoch 27: Training Loss 0.05532258472042961
Epoch 28: Training Loss 0.05453569748973303
Epoch 29: Training Loss 0.05495529761042141
Epoch 30: Training Loss 0.05472239486744722
Epoch 31: Training Loss 0.05512737116074883
Epoch 32: Training Loss 0.05442821452488273
Epoch 33: Training Loss 0.05478878629436169
Epoch 34: Training Loss 0.0544354724776105
Epoch 35: Training Loss 0.05428903271140811
Epoch 36: Training Loss 0.05399096506375058
Epoch 37: Training Loss 0.054202494920524515
Epoch 38: Training Loss 0.0543706995404446
Epoch 39: Training Loss 0.053872047667241095
Epoch 40: Training Loss 0.05438860170771704
Epoch 41: Training Loss 0.053879327978461955
Epoch 42: Training Loss 0.05376864282907133
Epoch 43: Training Loss 0.053975020300450205
Epoch 44: Training Loss 0.054917703165402974
Epoch 45: Training Loss 0.054093630993246135
Epoch 46: Training Loss 0.053973473034640125
Epoch 47: Training Loss 0.05359962369451595
Epoch 48: Training Loss 0.05401161933082931
Epoch 49: Training Loss 0.05363801225438128
Epoch 50: Training Loss 0.054128848728509524
Epoch 51: Training Loss 0.05380848492488008
Epoch 52: Training Loss 0.053997814320470794
Epoch 53: Training Loss 0.05446128827730026
Epoch 54: Training Loss 0.05430797086462192
Epoch 55: Training Loss 0.05399697882160501
Epoch 56: Training Loss 0.05432112735910381
Epoch 57: Training Loss 0.05390484729780004
Epoch 58: Training Loss 0.054121797517884464
Epoch 59: Training Loss 0.053894559866877266
Epoch 60: Training Loss 0.05355592915784458
Epoch 61: Training Loss 0.053397494843674474
Epoch 62: Training Loss 0.053825594009959295
Epoch 63: Training Loss 0.054100869960431605
Epoch 64: Training Loss 0.05407013912899073
Epoch 65: Training Loss 0.053317646539614086
Epoch 66: Training Loss 0.05324812908785956
Epoch 67: Training Loss 0.05439283829869902
Epoch 68: Training Loss 0.053794779346406515
Epoch 69: Training Loss 0.05435111849332292
Epoch 70: Training Loss 0.054148474339553006
Epoch 71: Training Loss 0.053847495017298436
Epoch 72: Training Loss 0.05392538697430273
Epoch 73: Training Loss 0.05397733001960347
Epoch 74: Training Loss 0.053832397190282474
Epoch 75: Training Loss 0.05286517190534115
Epoch 76: Training Loss 0.053816127385862673
Epoch 77: Training Loss 0.05466068412478487
Epoch 78: Training Loss 0.05338467492364396
Epoch 79: Training Loss 0.053525815487778794
Epoch 80: Training Loss 0.05458400523893127
Epoch 81: Training Loss 0.05373876378549537
Epoch 82: Training Loss 0.054351139079068696
Epoch 83: Training Loss 0.05380815575408876
Epoch 84: Training Loss 0.053017163920271206
Epoch 85: Training Loss 0.05306670020938151
Epoch 86: Training Loss 0.05356120399807762
Epoch 87: Training Loss 0.05389784649453718
Epoch 88: Training Loss 0.05389121789383362
Epoch 89: Training Loss 0.053641159761831286
Epoch 90: Training Loss 0.05325908217230539
Epoch 91: Training Loss 0.0532467065950621
Epoch 92: Training Loss 0.05378148397818018
Epoch 93: Training Loss 0.053573456014628686
Epoch 94: Training Loss 0.05301178799009813
Epoch 95: Training Loss 0.05251560077103893
Epoch 96: Training Loss 0.05283235155561684
Epoch 97: Training Loss 0.05263170772853639
Epoch 98: Training Loss 0.052321553347077755
Epoch 99: Training Loss 0.053030662649811974
Epoch 100: Training Loss 0.052371795120014206
Epoch 100: Test Loss 0.07466403804941704
Best Test Loss 0.07466403804941704 on Epoch 100


Starting training... [20do 0847] [32, 128, 1, 2]
Epoch 1: Training Loss 0.06264548401340578
Epoch 2: Training Loss 0.03990605905145284
Epoch 3: Training Loss 0.03787329659083598
Epoch 4: Training Loss 0.036073764106278765
Epoch 5: Training Loss 0.03492396013300895
Epoch 6: Training Loss 0.03434463746008236
Epoch 7: Training Loss 0.03367540955368967
Epoch 8: Training Loss 0.03307125766820213
Epoch 9: Training Loss 0.03256053293930064
Epoch 10: Training Loss 0.03225176628252439
Epoch 11: Training Loss 0.03213198223739904
Epoch 12: Training Loss 0.03187403677680081
Epoch 13: Training Loss 0.031806838576030186
Epoch 14: Training Loss 0.03126114343608892
Epoch 15: Training Loss 0.031192247569419337
Epoch 16: Training Loss 0.031063958579495444
Epoch 17: Training Loss 0.03105900177234295
Epoch 18: Training Loss 0.030595468774663535
Epoch 19: Training Loss 0.030652234187362088
Epoch 20: Training Loss 0.030494840738494414
Epoch 21: Training Loss 0.030368497243232966
Epoch 22: Training Loss 0.030534228291900455
Epoch 23: Training Loss 0.030398600858738627
Epoch 24: Training Loss 0.030169109187030748
Epoch 25: Training Loss 0.030166295999366897
Epoch 26: Training Loss 0.029956318710947803
Epoch 27: Training Loss 0.029922194637496045
Epoch 28: Training Loss 0.029849604655474538
Epoch 29: Training Loss 0.030861302607218238
Epoch 30: Training Loss 0.03148301739586543
Epoch 31: Training Loss 0.03058930989350579
Epoch 32: Training Loss 0.03044942421121086
Epoch 33: Training Loss 0.030177434336744254
Epoch 34: Training Loss 0.030310476069924482
Epoch 35: Training Loss 0.03009068476553798
Epoch 36: Training Loss 0.030061002848903763
Epoch 37: Training Loss 0.029839683887022822
Epoch 38: Training Loss 0.030192913369932895
Epoch 39: Training Loss 0.029788447695528904
Epoch 40: Training Loss 0.029822237489806922
Epoch 41: Training Loss 0.02959805326289735
Epoch 42: Training Loss 0.0297707748198297
Epoch 43: Training Loss 0.02985459076314022
Epoch 44: Training Loss 0.029959244833228225
Epoch 45: Training Loss 0.0295640459092998
Epoch 46: Training Loss 0.029712147339369988
Epoch 47: Training Loss 0.02948169008355935
Epoch 48: Training Loss 0.029358855430616504
Epoch 49: Training Loss 0.02951975870902272
Epoch 50: Training Loss 0.029301195136990987
Epoch 51: Training Loss 0.02966877811030572
Epoch 52: Training Loss 0.029573483276024763
Epoch 53: Training Loss 0.02921457012578784
Epoch 54: Training Loss 0.029538228181509373
Epoch 55: Training Loss 0.029690111767435683
Epoch 56: Training Loss 0.029598250862349275
Epoch 57: Training Loss 0.029628321665252703
Epoch 58: Training Loss 0.029196896514288726
Epoch 59: Training Loss 0.02914092033845012
Epoch 60: Training Loss 0.029356581825102295
Epoch 61: Training Loss 0.0292457458198717
Epoch 62: Training Loss 0.029213460826184506
Epoch 63: Training Loss 0.029222260911145232
Epoch 64: Training Loss 0.029142165258020523
Epoch 65: Training Loss 0.02929605046131031
Epoch 66: Training Loss 0.02922634819736538
Epoch 67: Training Loss 0.029244157425067294
Epoch 68: Training Loss 0.029273458756183413
Epoch 69: Training Loss 0.029769485439217848
Epoch 70: Training Loss 0.02940263017486138
Epoch 71: Training Loss 0.029630279201568875
Epoch 72: Training Loss 0.029147424754062196
Epoch 73: Training Loss 0.02922409367800479
Epoch 74: Training Loss 0.029037345035438186
Epoch 75: Training Loss 0.02915720260224594
Epoch 76: Training Loss 0.028944280224367316
Epoch 77: Training Loss 0.02967322663334262
Epoch 78: Training Loss 0.029945423839709634
Epoch 79: Training Loss 0.02901819634390427
Epoch 80: Training Loss 0.029057193922679737
Epoch 81: Training Loss 0.029471509892734733
Epoch 82: Training Loss 0.02939943313476218
Epoch 83: Training Loss 0.029136751591443924
Epoch 84: Training Loss 0.029217603038340947
Epoch 85: Training Loss 0.029123613847098547
Epoch 86: Training Loss 0.029256223261062735
Epoch 87: Training Loss 0.029285121971104496
Epoch 88: Training Loss 0.029029799150433
Epoch 89: Training Loss 0.02976820755330199
Epoch 90: Training Loss 0.029440930549579834
Epoch 91: Training Loss 0.02954216052799955
Epoch 92: Training Loss 0.029137750246421103
Epoch 93: Training Loss 0.02918338669957667
Epoch 94: Training Loss 0.02927647775103107
Epoch 95: Training Loss 0.02902738638391746
Epoch 96: Training Loss 0.029054871749542386
Epoch 97: Training Loss 0.029009722442868393
Epoch 98: Training Loss 0.02915950847428615
Epoch 99: Training Loss 0.029256669405894765
Epoch 100: Training Loss 0.029067721679071817
Epoch 100: Test Loss 0.05045987376883226
Best Test Loss 0.05045987376883226 on Epoch 100

Starting training... [21do 0750] [32, 64, 4, 1]
Epoch 1: Training Loss 0.12634023365277414
Epoch 2: Training Loss 0.09330849312510732
Epoch 3: Training Loss 0.08830199070528123
Epoch 4: Training Loss 0.08531659741098173
Epoch 5: Training Loss 0.08293620625567419
Epoch 6: Training Loss 0.08155998918057113
Epoch 7: Training Loss 0.08003387026187349
Epoch 8: Training Loss 0.0789053607728086
Epoch 9: Training Loss 0.07839804021983489
Epoch 10: Training Loss 0.07674297874960498
Epoch 11: Training Loss 0.0761938349989097
Epoch 12: Training Loss 0.07541795564228541
Epoch 13: Training Loss 0.07458133131745517
Epoch 14: Training Loss 0.07377312060465901
Epoch 15: Training Loss 0.07320029552124416
Epoch 16: Training Loss 0.07279621136206595
Epoch 17: Training Loss 0.07242493288126876
Epoch 18: Training Loss 0.07139375160526376
Epoch 19: Training Loss 0.07120905905782914
Epoch 20: Training Loss 0.07063020032445742
Epoch 21: Training Loss 0.07043589335269167
Epoch 22: Training Loss 0.07013044212881993
Epoch 23: Training Loss 0.06993917782198719
Epoch 24: Training Loss 0.07004076903566588
Epoch 25: Training Loss 0.06938375851443494
Epoch 26: Training Loss 0.06922538939830664
Epoch 27: Training Loss 0.06898866357069963
Epoch 28: Training Loss 0.06898452295119677
Epoch 29: Training Loss 0.06917509765139591
Epoch 30: Training Loss 0.06867062874876673
Epoch 31: Training Loss 0.06921006759775737
Epoch 32: Training Loss 0.06819771291556775
Epoch 33: Training Loss 0.06853698811881094
Epoch 34: Training Loss 0.0686183054735428
Epoch 35: Training Loss 0.06847923584391286
Epoch 36: Training Loss 0.06894553275003656
Epoch 37: Training Loss 0.06874666681659237
Epoch 38: Training Loss 0.06886327193515673
Epoch 39: Training Loss 0.06792920597373307
Epoch 40: Training Loss 0.06839401409540996
Epoch 41: Training Loss 0.06815926112337593
Epoch 42: Training Loss 0.06839474719184471
Epoch 43: Training Loss 0.068349317272871
Epoch 44: Training Loss 0.06793992197944089
Epoch 45: Training Loss 0.06759338052860812
Epoch 46: Training Loss 0.06791120599236339
Epoch 47: Training Loss 0.06762934541533734
Epoch 48: Training Loss 0.06729622503610216
Epoch 49: Training Loss 0.06760320358859623
Epoch 50: Training Loss 0.06754147364458482
Epoch 51: Training Loss 0.06743804483764163
Epoch 52: Training Loss 0.06755508682492306
Epoch 53: Training Loss 0.06740794707176667
Epoch 54: Training Loss 0.06802364983850301
Epoch 55: Training Loss 0.06728991476949382
Epoch 56: Training Loss 0.06701065864996684
Epoch 57: Training Loss 0.06731345641035
Epoch 58: Training Loss 0.06728185610242383
Epoch 59: Training Loss 0.06723819031085186
Epoch 60: Training Loss 0.0675634988910604
Epoch 61: Training Loss 0.06702723327178105
Epoch 62: Training Loss 0.0672166862645355
Epoch 63: Training Loss 0.06702477535743025
Epoch 64: Training Loss 0.06725525282676179
Epoch 65: Training Loss 0.06676108876693444
Epoch 66: Training Loss 0.0671718986455583
Epoch 67: Training Loss 0.06678796007016494
Epoch 68: Training Loss 0.06701293743366381
Epoch 69: Training Loss 0.06675843475842518
Epoch 70: Training Loss 0.06669628123472765
Epoch 71: Training Loss 0.06632673884314082
Epoch 72: Training Loss 0.06625735313135056
Epoch 73: Training Loss 0.06641519986547707
Epoch 74: Training Loss 0.0662536168754396
Epoch 75: Training Loss 0.06632965291336235
Epoch 76: Training Loss 0.06690543668080855
Epoch 77: Training Loss 0.06652974336048502
Epoch 78: Training Loss 0.06602830952590831
Epoch 79: Training Loss 0.06603229606635783
Epoch 80: Training Loss 0.06643019362814835
Epoch 81: Training Loss 0.06632562981264148
Epoch 82: Training Loss 0.06644163924130272
Epoch 83: Training Loss 0.06623741115382498
Epoch 84: Training Loss 0.06686195203779333
Epoch 85: Training Loss 0.06548584258464957
Epoch 86: Training Loss 0.06602215316567146
Epoch 87: Training Loss 0.06589875850886666
Epoch 88: Training Loss 0.06566511310872035
Epoch 89: Training Loss 0.06630925730968028
Epoch 90: Training Loss 0.06556477365425871
Epoch 91: Training Loss 0.06637314263114075
Epoch 92: Training Loss 0.06549202299037396
Epoch 93: Training Loss 0.06524217543773417
Epoch 94: Training Loss 0.0658623355063162
Epoch 95: Training Loss 0.06538430303389552
Epoch 96: Training Loss 0.06581380012140332
Epoch 97: Training Loss 0.06603119967117418
Epoch 98: Training Loss 0.06553480308232823
Epoch 99: Training Loss 0.06536983785773674
Epoch 100: Training Loss 0.06519572938426084
Epoch 100: Test Loss 0.156076418898271
Best Test Loss 0.156076418898271 on Epoch 100


Starting training... [22do 0640PM] [32, 32, 1, 6]
Epoch 1: Training Loss 0.2334141437318093
Epoch 2: Training Loss 0.13669487978085185
Epoch 3: Training Loss 0.11798628804523971
Epoch 4: Training Loss 0.11139786203730734
Epoch 5: Training Loss 0.10589882757579792
Epoch 6: Training Loss 0.10289760394206765
Epoch 7: Training Loss 0.10027974474093121
Epoch 8: Training Loss 0.09822946174635956
Epoch 9: Training Loss 0.09661113423653059
Epoch 10: Training Loss 0.09604251214549694
Epoch 11: Training Loss 0.09512608963619781
Epoch 12: Training Loss 0.09420468485967817
Epoch 13: Training Loss 0.09349228091003708
Epoch 14: Training Loss 0.09297370477460733
Epoch 15: Training Loss 0.0928509990253395
Epoch 16: Training Loss 0.09208347488448912
Epoch 17: Training Loss 0.09300798119833686
Epoch 18: Training Loss 0.09198638936259514
Epoch 19: Training Loss 0.09201897044511546
Epoch 20: Training Loss 0.09158314770923257
Epoch 21: Training Loss 0.0910621616617808
Epoch 22: Training Loss 0.09092941391007413
Epoch 23: Training Loss 0.09052442264975534
Epoch 24: Training Loss 0.09094251362230268
Epoch 25: Training Loss 0.09021307334377575
Epoch 26: Training Loss 0.08975884298651854
Epoch 27: Training Loss 0.09016638682049699
Epoch 28: Training Loss 0.08972243491530839
Epoch 29: Training Loss 0.08976330440593619
Epoch 30: Training Loss 0.0889554323534918
Epoch 31: Training Loss 0.08955989989782576
Epoch 32: Training Loss 0.08896975979621928
Epoch 33: Training Loss 0.08921879523195597
Epoch 34: Training Loss 0.08881067844328423
Epoch 35: Training Loss 0.08840177640658972
Epoch 36: Training Loss 0.08823242152715487
Epoch 37: Training Loss 0.08887622058222672
Epoch 38: Training Loss 0.0885956740754313
Epoch 39: Training Loss 0.08881527304811038
Epoch 40: Training Loss 0.08838493579539422
Epoch 41: Training Loss 0.08808548058396116
Epoch 42: Training Loss 0.0879429303949814
Epoch 43: Training Loss 0.0878564904447727
Epoch 44: Training Loss 0.08821275814208443
Epoch 45: Training Loss 0.08782575102793469
Epoch 46: Training Loss 0.08748602598560502
Epoch 47: Training Loss 0.08779079486610096
Epoch 48: Training Loss 0.08711173337560686
Epoch 49: Training Loss 0.08726232615669506
Epoch 50: Training Loss 0.0877385627267503
Epoch 51: Training Loss 0.08748739394263944
Epoch 52: Training Loss 0.08760477169689725
Epoch 53: Training Loss 0.08710283575893932
Epoch 54: Training Loss 0.08690239298690844
Epoch 55: Training Loss 0.08684081308828423
Epoch 56: Training Loss 0.08682446033049253
Epoch 57: Training Loss 0.08693992561068078
Epoch 58: Training Loss 0.08724384474298774
Epoch 59: Training Loss 0.08701000361030788
Epoch 60: Training Loss 0.08668444485401978
Epoch 61: Training Loss 0.08660823150036598
Epoch 62: Training Loss 0.08653392026947762
Epoch 63: Training Loss 0.08631284179859432
Epoch 64: Training Loss 0.08605010592849699
Epoch 65: Training Loss 0.08631574918897326
Epoch 66: Training Loss 0.08607161812489846
Epoch 67: Training Loss 0.08618825113838513
Epoch 68: Training Loss 0.08657397845779499
Epoch 69: Training Loss 0.08630145108910355
Epoch 70: Training Loss 0.08610776121899318
Epoch 71: Training Loss 0.08611163945615125
Epoch 72: Training Loss 0.08638555319547583
Epoch 73: Training Loss 0.0859838426324563
Epoch 74: Training Loss 0.08582581741768894
Epoch 75: Training Loss 0.08616359365372736
Epoch 76: Training Loss 0.0861869273419472
Epoch 77: Training Loss 0.08562649905921865
Epoch 78: Training Loss 0.08585763434418509
Epoch 79: Training Loss 0.0861105598652422
Epoch 80: Training Loss 0.08644783883032298
Epoch 81: Training Loss 0.08596380770472234
Epoch 82: Training Loss 0.0862781452212118
Epoch 83: Training Loss 0.08604499336371631
Epoch 84: Training Loss 0.08622278002496757
Epoch 85: Training Loss 0.0861152258281367
Epoch 86: Training Loss 0.08566929606281727
Epoch 87: Training Loss 0.08578789689717282
Epoch 88: Training Loss 0.08559772696890829
Epoch 89: Training Loss 0.08549919198568996
Epoch 90: Training Loss 0.08524775856238365
Epoch 91: Training Loss 0.08545908428648788
Epoch 92: Training Loss 0.08559371681035594
Epoch 93: Training Loss 0.08560234440627237
Epoch 94: Training Loss 0.08562062829288099
Epoch 95: Training Loss 0.085614869136132
Epoch 96: Training Loss 0.08553210764154864
Epoch 97: Training Loss 0.0852784619050289
Epoch 98: Training Loss 0.08517805284875646
Epoch 99: Training Loss 0.08546773338966936
Epoch 100: Training Loss 0.08528674623700089
Epoch 100: Test Loss 0.22834660432517095
Best Test Loss 0.22834660432517095 on Epoch 100


Starting training... [23do 0615PM] [64, 64, 2, 2]
Epoch 1: Training Loss 0.11617229853608531
Epoch 2: Training Loss 0.07518733256116776
Epoch 3: Training Loss 0.0704425071450465
Epoch 4: Training Loss 0.0677469824963708
Epoch 5: Training Loss 0.06565625829958381
Epoch 6: Training Loss 0.06374278149264101
Epoch 7: Training Loss 0.06273437347082678
Epoch 8: Training Loss 0.06180661528080752
Epoch 9: Training Loss 0.06141959205633561
Epoch 10: Training Loss 0.06073773758024152
Epoch 11: Training Loss 0.06019381312160676
Epoch 12: Training Loss 0.05975871332049153
Epoch 13: Training Loss 0.05958283767064151
Epoch 14: Training Loss 0.05881313837394095
Epoch 15: Training Loss 0.05836978669336284
Epoch 16: Training Loss 0.05827980640225218
Epoch 17: Training Loss 0.05805296116603884
Epoch 18: Training Loss 0.05780201888581934
Epoch 19: Training Loss 0.05792860254877618
Epoch 20: Training Loss 0.05765834638482546
Epoch 21: Training Loss 0.0573650888770936
Epoch 22: Training Loss 0.057280805501325804
Epoch 23: Training Loss 0.056994713175905855
Epoch 24: Training Loss 0.056985261133402035
Epoch 25: Training Loss 0.05680126684033201
Epoch 26: Training Loss 0.05653733225578597
Epoch 27: Training Loss 0.05607623106432911
Epoch 28: Training Loss 0.05632304295973508
Epoch 29: Training Loss 0.05595118570226737
Epoch 30: Training Loss 0.056204320901098434
Epoch 31: Training Loss 0.05572833989529481
Epoch 32: Training Loss 0.055917941108222895
Epoch 33: Training Loss 0.055462390237870446
Epoch 34: Training Loss 0.05539089944225011
Epoch 35: Training Loss 0.05532212864342631
Epoch 36: Training Loss 0.055744650635671744
Epoch 37: Training Loss 0.055295134454246234
Epoch 38: Training Loss 0.05478041536147956
Epoch 39: Training Loss 0.05502355214846682
Epoch 40: Training Loss 0.05510509088698401
Epoch 41: Training Loss 0.05539584769542581
Epoch 42: Training Loss 0.05512600389939101
Epoch 43: Training Loss 0.05494072563968171
Epoch 44: Training Loss 0.05483619351869127
Epoch 45: Training Loss 0.054764827076687624
Epoch 46: Training Loss 0.054651214030386815
Epoch 47: Training Loss 0.05461501395502776
Epoch 48: Training Loss 0.05433199894288217
Epoch 49: Training Loss 0.05443935456940681
Epoch 50: Training Loss 0.05423127779749867
Epoch 51: Training Loss 0.0545289260952355
Epoch 52: Training Loss 0.054400630930090475
Epoch 53: Training Loss 0.05428760664983487
Epoch 54: Training Loss 0.054258972834321795
Epoch 55: Training Loss 0.054161270995761804
Epoch 56: Training Loss 0.054639322805108866
Epoch 57: Training Loss 0.05419172600834131
Epoch 58: Training Loss 0.05411434065871762
Epoch 59: Training Loss 0.054138836985832176
Epoch 60: Training Loss 0.054191412416282544
Epoch 61: Training Loss 0.05390478369607967
Epoch 62: Training Loss 0.05373502262144367
Epoch 63: Training Loss 0.05378027278123808
Epoch 64: Training Loss 0.05385664052488314
Epoch 65: Training Loss 0.053790084977828286
Epoch 66: Training Loss 0.053523710103955666
Epoch 67: Training Loss 0.05353925253782403
Epoch 68: Training Loss 0.053813532139691964
Epoch 69: Training Loss 0.05387074016015028
Epoch 70: Training Loss 0.053843079327802384
Epoch 71: Training Loss 0.053785587738562034
Epoch 72: Training Loss 0.05375665857039054
Epoch 73: Training Loss 0.053733774925908064
Epoch 74: Training Loss 0.05394843046809658
Epoch 75: Training Loss 0.05360909781127876
Epoch 76: Training Loss 0.05377556217908549
Epoch 77: Training Loss 0.05361171920404226
Epoch 78: Training Loss 0.05356632630791148
Epoch 79: Training Loss 0.05382311893449552
Epoch 80: Training Loss 0.053948662556330094
Epoch 81: Training Loss 0.053484751791859284
Epoch 82: Training Loss 0.05354064398606498
Epoch 83: Training Loss 0.053701390681565396
Epoch 84: Training Loss 0.05373618297019229
Epoch 85: Training Loss 0.05349295887038308
Epoch 86: Training Loss 0.0535441430657245
Epoch 87: Training Loss 0.05344563395164519
Epoch 88: Training Loss 0.05358039580447837
Epoch 89: Training Loss 0.053521177564148356
Epoch 90: Training Loss 0.05347892246777446
Epoch 91: Training Loss 0.053731735149507194
Epoch 92: Training Loss 0.053364491503300845
Epoch 93: Training Loss 0.05318676505167309
Epoch 94: Training Loss 0.05366856184060511
Epoch 95: Training Loss 0.05341218748419481
Epoch 96: Training Loss 0.053089510720123155
Epoch 97: Training Loss 0.053012332349144445
Epoch 98: Training Loss 0.05337434768768188
Epoch 99: Training Loss 0.05348590072347756
Epoch 100: Training Loss 0.05323658130796639
Epoch 100: Test Loss 0.1031065296427338
Best Test Loss 0.1031065296427338 on Epoch 100


Starting training... [24do 0546PM] [128 128 4 1]
Epoch 1: Training Loss 0.06929314793468536
Epoch 2: Training Loss 0.05128013758770464
Epoch 3: Training Loss 0.04701051498352762
Epoch 4: Training Loss 0.0448070386020904
Epoch 5: Training Loss 0.04377728815436221
Epoch 6: Training Loss 0.043003304866724046
Epoch 7: Training Loss 0.04222222880526787
Epoch 8: Training Loss 0.04129448139178224
Epoch 9: Training Loss 0.04074864062906122
Epoch 10: Training Loss 0.04071111335522154
Epoch 11: Training Loss 0.03998876405988792
Epoch 12: Training Loss 0.03937866740769305
Epoch 13: Training Loss 0.03919005830389011
Epoch 14: Training Loss 0.039146052366822164
Epoch 15: Training Loss 0.038082585389791625
Epoch 16: Training Loss 0.038087038781043185
Epoch 17: Training Loss 0.03780226603669005
Epoch 18: Training Loss 0.03755183125474259
Epoch 19: Training Loss 0.03710312567666376
Epoch 20: Training Loss 0.03629419893353516
Epoch 21: Training Loss 0.036133261981672125
Epoch 22: Training Loss 0.03661990961803066
Epoch 23: Training Loss 0.03813865383209126
Epoch 24: Training Loss 0.03661992000373066
Epoch 25: Training Loss 0.035472946953106925
Epoch 26: Training Loss 0.036101274913005764
Epoch 27: Training Loss 0.03552859447464866
Epoch 28: Training Loss 0.035047831567065216
Epoch 29: Training Loss 0.03536947637479458
Epoch 30: Training Loss 0.034332167907960204
Epoch 31: Training Loss 0.03490919394271967
Epoch 32: Training Loss 0.03448316764801318
Epoch 33: Training Loss 0.03386349572016616
Epoch 34: Training Loss 0.03335399744522132
Epoch 35: Training Loss 0.033846619682072206
Epoch 36: Training Loss 0.03355512153222353
Epoch 37: Training Loss 0.033069853721071005
Epoch 38: Training Loss 0.03403896880543771
Epoch 39: Training Loss 0.033456990393339374
Epoch 40: Training Loss 0.03347587971869871
Epoch 41: Training Loss 0.03344354981537746
Epoch 42: Training Loss 0.03276653083683063
Epoch 43: Training Loss 0.03269272810883458
Epoch 44: Training Loss 0.03321052647850093
Epoch 45: Training Loss 0.032953341830777506
Epoch 46: Training Loss 0.032607862442772785
Epoch 47: Training Loss 0.03299759347639546
Epoch 48: Training Loss 0.03317325356456088
Epoch 49: Training Loss 0.03236224920431182
Epoch 50: Training Loss 0.032586690361708505
Epoch 51: Training Loss 0.032502261546805224
Epoch 52: Training Loss 0.03202851360315195
Epoch 53: Training Loss 0.03232223166960134
Epoch 54: Training Loss 0.03266337757643934
Epoch 55: Training Loss 0.03314816309327212
Epoch 56: Training Loss 0.03197136891531833
Epoch 57: Training Loss 0.032389591948040135
Epoch 58: Training Loss 0.03199642760969706
Epoch 59: Training Loss 0.0319136167764547
Epoch 60: Training Loss 0.03229609277119722
Epoch 61: Training Loss 0.03276424824706105
Epoch 62: Training Loss 0.03187648175283452
Epoch 63: Training Loss 0.03232185019281381
Epoch 64: Training Loss 0.032500462144596946
Epoch 65: Training Loss 0.03241756891841978
Epoch 66: Training Loss 0.03232953148632268
Epoch 67: Training Loss 0.03238251028190354
Epoch 68: Training Loss 0.03209924170855972
Epoch 69: Training Loss 0.032122193149739235
Epoch 70: Training Loss 0.03230992530648976
Epoch 71: Training Loss 0.03237271662527202
Epoch 72: Training Loss 0.03212188854630086
Epoch 73: Training Loss 0.03289544581942741
Epoch 74: Training Loss 0.032602288637128746
Epoch 75: Training Loss 0.033580041158315414
Epoch 76: Training Loss 0.03242248351044458
Epoch 77: Training Loss 0.03186638174258175
Epoch 78: Training Loss 0.031909981383825614
Epoch 79: Training Loss 0.03169255148307451
Epoch 80: Training Loss 0.03187353996149406
Epoch 81: Training Loss 0.031927075612783594
Epoch 82: Training Loss 0.03168766139432609
Epoch 83: Training Loss 0.03214640442717671
Epoch 84: Training Loss 0.03161726148016494
Epoch 85: Training Loss 0.03178714260000005
Epoch 86: Training Loss 0.0323429321730706
Epoch 87: Training Loss 0.032387747183248834
Epoch 88: Training Loss 0.03178857692234244
Epoch 89: Training Loss 0.03248552001780812
Epoch 90: Training Loss 0.031395699826442844
Epoch 91: Training Loss 0.031483939012400375
Epoch 92: Training Loss 0.031447227012398646
Epoch 93: Training Loss 0.032075706072828815
Epoch 94: Training Loss 0.03147529689131132
Epoch 95: Training Loss 0.03258848327253196
Epoch 96: Training Loss 0.03325053793320918
Epoch 97: Training Loss 0.032156239487868665
Epoch 98: Training Loss 0.03149279111990443
Epoch 99: Training Loss 0.03194451134470053
Epoch 100: Training Loss 0.03171825595582962
Epoch 100: Test Loss 0.05931544949732865
Best Test Loss 0.05931544949732865 on Epoch 100

Starting training... [25do 0525PM] [256 64 3 1]
Epoch 1: Training Loss 0.06746023193139697
Epoch 2: Training Loss 0.04295133571716949
Epoch 3: Training Loss 0.03994020413705495
Epoch 4: Training Loss 0.0383010777581975
Epoch 5: Training Loss 0.037284253881281405
Epoch 6: Training Loss 0.03629824618479063
Epoch 7: Training Loss 0.03507186288073503
Epoch 8: Training Loss 0.034176396025923955
Epoch 9: Training Loss 0.03343788065623842
Epoch 10: Training Loss 0.0327432356505533
Epoch 11: Training Loss 0.03226000368092662
Epoch 12: Training Loss 0.03215229635124165
Epoch 13: Training Loss 0.031843118431082174
Epoch 14: Training Loss 0.0315787732705025
Epoch 15: Training Loss 0.03133192117347089
Epoch 16: Training Loss 0.030920572391347156
Epoch 17: Training Loss 0.030793980925793527
Epoch 18: Training Loss 0.030662698721250544
Epoch 19: Training Loss 0.03016107150831758
Epoch 20: Training Loss 0.029837842096917463
Epoch 21: Training Loss 0.02976732646788805
Epoch 22: Training Loss 0.02960804771313589
Epoch 23: Training Loss 0.029332859665092356
Epoch 24: Training Loss 0.02926923817500721
Epoch 25: Training Loss 0.029462705039329726
Epoch 26: Training Loss 0.029397424122643442
Epoch 27: Training Loss 0.029248978444942886
Epoch 28: Training Loss 0.028967585478183087
Epoch 29: Training Loss 0.028616248693342297
Epoch 30: Training Loss 0.028538971332436932
Epoch 31: Training Loss 0.02830634725421278
Epoch 32: Training Loss 0.028228988581359856
Epoch 33: Training Loss 0.028149151304442396
Epoch 34: Training Loss 0.027905024093791385
Epoch 35: Training Loss 0.027825885194927305
Epoch 36: Training Loss 0.028142271121064565
Epoch 37: Training Loss 0.028147579780925597
Epoch 38: Training Loss 0.028298962557222963
Epoch 39: Training Loss 0.02787326493663961
Epoch 40: Training Loss 0.02798076820902659
Epoch 41: Training Loss 0.027872731557068167
Epoch 42: Training Loss 0.027391650370083606
Epoch 43: Training Loss 0.02729390863657573
Epoch 44: Training Loss 0.027531287632238426
Epoch 45: Training Loss 0.027682005856397823
Epoch 46: Training Loss 0.027337805411297645
Epoch 47: Training Loss 0.0272382790001765
Epoch 48: Training Loss 0.027247914895386433
Epoch 49: Training Loss 0.027215416068276228
Epoch 50: Training Loss 0.027491982355161954
Epoch 51: Training Loss 0.027283560688035207
Epoch 52: Training Loss 0.026719584259214262
Epoch 53: Training Loss 0.026715054852194213
Epoch 54: Training Loss 0.026566851682582198
Epoch 55: Training Loss 0.026666134785401332
Epoch 56: Training Loss 0.026763032000682127
Epoch 57: Training Loss 0.026609228146466178
Epoch 58: Training Loss 0.026524205232722912
Epoch 59: Training Loss 0.026385100489864317
Epoch 60: Training Loss 0.026328954986437333
Epoch 61: Training Loss 0.026279356029123752
Epoch 62: Training Loss 0.026187982174794427
Epoch 63: Training Loss 0.026314039297896295
Epoch 64: Training Loss 0.026119677832816997
Epoch 65: Training Loss 0.026241809108060194
Epoch 66: Training Loss 0.02673229259154608
Epoch 67: Training Loss 0.02614162431234667
Epoch 68: Training Loss 0.026117108910169246
Epoch 69: Training Loss 0.026344503362651997
Epoch 70: Training Loss 0.025938249768951944
Epoch 71: Training Loss 0.025868724643504978
Epoch 72: Training Loss 0.025903037769964814
Epoch 73: Training Loss 0.02583147542384208
Epoch 74: Training Loss 0.02576187783494215
Epoch 75: Training Loss 0.026024222603694927
Epoch 76: Training Loss 0.025829120108957476
Epoch 77: Training Loss 0.025538302951257405
Epoch 78: Training Loss 0.025902017097068835
Epoch 79: Training Loss 0.026071864991069574
Epoch 80: Training Loss 0.025333116908771523
Epoch 81: Training Loss 0.02554443164279333
Epoch 82: Training Loss 0.025403416756684026
Epoch 83: Training Loss 0.026235228150209747
Epoch 84: Training Loss 0.026331700203387553
Epoch 85: Training Loss 0.02548805416627793
Epoch 86: Training Loss 0.025724205887399838
Epoch 87: Training Loss 0.025381573479231458
Epoch 88: Training Loss 0.02532613944637831
Epoch 89: Training Loss 0.02520492142948462
Epoch 90: Training Loss 0.025677903252544952
Epoch 91: Training Loss 0.02537361634392105
Epoch 92: Training Loss 0.02555113414219429
Epoch 93: Training Loss 0.02505163870375503
Epoch 94: Training Loss 0.02496868584669185
Epoch 95: Training Loss 0.02534485200601497
Epoch 96: Training Loss 0.025329980852367935
Epoch 97: Training Loss 0.025913237210646596
Epoch 98: Training Loss 0.02510056125981582
Epoch 99: Training Loss 0.024905128534514296
Epoch 100: Training Loss 0.024974736298075617
Epoch 100: Test Loss 0.053684757568196184
Best Test Loss 0.053684757568196184 on Epoch 100

Starting training... [26redo 0947] [256 32 2 2]
Epoch 1: Training Loss 0.09472787491628314
Epoch 2: Training Loss 0.07486493285245677
Epoch 3: Training Loss 0.053119294226674295
Epoch 4: Training Loss 0.04860574525947076
Epoch 5: Training Loss 0.04590730927965291
Epoch 6: Training Loss 0.04437474441130224
Epoch 7: Training Loss 0.04291030316879706
Epoch 8: Training Loss 0.041846711754600474
Epoch 9: Training Loss 0.04090654845193166
Epoch 10: Training Loss 0.04020792556086294
Epoch 11: Training Loss 0.039442862253474
Epoch 12: Training Loss 0.03875309413126429
Epoch 13: Training Loss 0.03817617080830898
Epoch 14: Training Loss 0.03766785020528225
Epoch 15: Training Loss 0.037205899149949026
Epoch 16: Training Loss 0.03683264306143368
Epoch 17: Training Loss 0.03646187478046333
Epoch 18: Training Loss 0.036045337788817786
Epoch 19: Training Loss 0.03566689987217879
Epoch 20: Training Loss 0.03555937898939642
Epoch 21: Training Loss 0.0352816210133107
Epoch 22: Training Loss 0.035019278565924614
Epoch 23: Training Loss 0.03486421176746122
Epoch 24: Training Loss 0.03493190357977937
Epoch 25: Training Loss 0.03450609409989495
Epoch 26: Training Loss 0.034523323021018154
Epoch 27: Training Loss 0.03435081559843137
Epoch 28: Training Loss 0.0340957815979009
Epoch 29: Training Loss 0.03388667057296372
Epoch 30: Training Loss 0.033781254794732825
Epoch 31: Training Loss 0.03347611131628771
Epoch 32: Training Loss 0.033467258541264804
Epoch 33: Training Loss 0.033229823007591745
Epoch 34: Training Loss 0.033184549014436855
Epoch 35: Training Loss 0.03317229499331104
Epoch 36: Training Loss 0.03280866745818493
Epoch 37: Training Loss 0.032803841561766994
Epoch 38: Training Loss 0.03274975292346782
Epoch 39: Training Loss 0.032472618420762996
Epoch 40: Training Loss 0.032303204231681065
Epoch 41: Training Loss 0.03231531708241842
Epoch 42: Training Loss 0.032170333289755264
Epoch 43: Training Loss 0.032013878494921454
Epoch 44: Training Loss 0.03175355903929092
Epoch 45: Training Loss 0.031760428733199814
Epoch 46: Training Loss 0.03172741084317574
Epoch 47: Training Loss 0.03156636223895737
Epoch 48: Training Loss 0.03131963838499424
Epoch 49: Training Loss 0.03129405430817117
Epoch 50: Training Loss 0.031189642791307884
Epoch 51: Training Loss 0.03115022353094616
Epoch 52: Training Loss 0.03107267585893247
Epoch 53: Training Loss 0.030968430818920322
Epoch 54: Training Loss 0.030841609423424857
Epoch 55: Training Loss 0.030787498488055072
Epoch 56: Training Loss 0.030658363983715634
Epoch 57: Training Loss 0.03057104756780012
Epoch 58: Training Loss 0.030689431011872673
Epoch 59: Training Loss 0.0307406040816264
Epoch 60: Training Loss 0.030550969011386243
Epoch 61: Training Loss 0.030384601985912647
Epoch 62: Training Loss 0.030328128453819343
Epoch 63: Training Loss 0.0301408214494614
Epoch 64: Training Loss 0.03033116895657807
Epoch 65: Training Loss 0.030199515603355064
Epoch 66: Training Loss 0.030077829821056862
Epoch 67: Training Loss 0.030019408311012182
Epoch 68: Training Loss 0.029850816352905797
Epoch 69: Training Loss 0.030130414208150182
Epoch 70: Training Loss 0.03001399337471239
Epoch 71: Training Loss 0.02984147306532014
Epoch 72: Training Loss 0.029730437125723184
Epoch 73: Training Loss 0.029835441870898805
Epoch 74: Training Loss 0.029676129256808712
Epoch 75: Training Loss 0.029842370077915653
Epoch 76: Training Loss 0.02963730584126716
Epoch 77: Training Loss 0.02982883418416475
Epoch 78: Training Loss 0.029928416661439125
Epoch 79: Training Loss 0.029677265818013956
Epoch 80: Training Loss 0.02965296086334253
Epoch 81: Training Loss 0.02976603240649178
Epoch 82: Training Loss 0.02966565794085238
Epoch 83: Training Loss 0.029495183288116192
Epoch 84: Training Loss 0.02953798945728581
Epoch 85: Training Loss 0.029626096541545743
Epoch 86: Training Loss 0.0296501580288751
Epoch 87: Training Loss 0.029418144301582027
Epoch 88: Training Loss 0.029603772393127788
Epoch 89: Training Loss 0.029356375142078967
Epoch 90: Training Loss 0.02933684874620802
Epoch 91: Training Loss 0.029251038284017643
Epoch 92: Training Loss 0.029396884774979058
Epoch 93: Training Loss 0.029252872347033075
Epoch 94: Training Loss 0.029372266960221306
Epoch 95: Training Loss 0.029403450070384748
Epoch 96: Training Loss 0.029444633743115137
Epoch 97: Training Loss 0.029307447032542826
Epoch 98: Training Loss 0.0291155573044499
Epoch 99: Training Loss 0.029206241629428885
Epoch 100: Training Loss 0.02914764585311346
Epoch 100: Test Loss 0.058011132393961135
Best Test Loss 0.058011132393961135 on Epoch 100


