Starting training... [20]
Epoch 1: Training Loss 0.10471420942786339
Epoch 2: Training Loss 0.08837201827945057
Epoch 3: Training Loss 0.08639388380727861
Epoch 4: Training Loss 0.08575210166983967
Epoch 5: Training Loss 0.08529718246726693
Epoch 6: Training Loss 0.08523799648335234
Epoch 7: Training Loss 0.08402236301916009
Epoch 8: Training Loss 0.0870633448710711
Epoch 9: Training Loss 0.08493773023174907
Epoch 10: Training Loss 0.08483963876262182
Epoch 11: Training Loss 0.08759572090417939
Epoch 12: Training Loss 0.08847864855356172
Epoch 13: Training Loss 0.0864253040673295
Epoch 14: Training Loss 0.08670299177343284
Epoch 15: Training Loss 0.08660578142202674
Epoch 16: Training Loss 0.08697651908276817
Epoch 17: Training Loss 0.08758809111355617
Epoch 18: Training Loss 0.08689857656767609
Epoch 19: Training Loss 0.08583728728007053
Epoch 20: Training Loss 0.08649503706916392
Epoch 21: Training Loss 0.08669666781633642
Epoch 22: Training Loss 0.0858285499656674
Epoch 23: Training Loss 0.08632267250622924
Epoch 24: Training Loss 0.08695712881560308
Epoch 25: Training Loss 0.08675161540614318
Epoch 26: Training Loss 0.0860713728232538
Epoch 27: Training Loss 0.08661687798890494
Epoch 28: Training Loss 0.08693577956587245
Epoch 29: Training Loss 0.08690003210506697
Epoch 30: Training Loss 0.08698475942801102
Epoch 31: Training Loss 0.0866761187623898
Epoch 32: Training Loss 0.0874888126788234
Epoch 33: Training Loss 0.08637978058145837
Epoch 34: Training Loss 0.08711438767904098
Epoch 35: Training Loss 0.0861814299659918
Epoch 36: Training Loss 0.08630832240549732
Epoch 37: Training Loss 0.08689471035979325
Epoch 38: Training Loss 0.0865199520908755
Epoch 39: Training Loss 0.08632964669968235
Epoch 40: Training Loss 0.08695980525602225
Epoch 41: Training Loss 0.08646406944429794
Epoch 42: Training Loss 0.08751841046445562
Epoch 43: Training Loss 0.08613866004428192
Epoch 44: Training Loss 0.08706136590834554
Epoch 45: Training Loss 0.08611146344547026
Epoch 46: Training Loss 0.08628804955782324
Epoch 47: Training Loss 0.087195657031799
Epoch 48: Training Loss 0.08692918249058955
Epoch 49: Training Loss 0.0873267936005329
Epoch 50: Training Loss 0.08699033216507708
Epoch 51: Training Loss 0.08629851162449712
Epoch 52: Training Loss 0.08701755449337244
Epoch 53: Training Loss 0.08624749339964151
Epoch 54: Training Loss 0.08601473254703952
Epoch 55: Training Loss 0.08622527586243144
Epoch 56: Training Loss 0.08617847160281203
Epoch 57: Training Loss 0.08602721573070811
Epoch 58: Training Loss 0.08853941573785663
Epoch 59: Training Loss 0.0867082919296589
Epoch 60: Training Loss 0.08674439210210458
Epoch 61: Training Loss 0.08616849128813023
Epoch 62: Training Loss 0.0860661997590742
Epoch 63: Training Loss 0.08610436370997236
Epoch 64: Training Loss 0.0867336998039896
Epoch 65: Training Loss 0.08672221568547948
Epoch 66: Training Loss 0.08694487707124225
Epoch 67: Training Loss 0.08641305598878206
Epoch 68: Training Loss 0.0872710778256617
Epoch 69: Training Loss 0.08671914158657767
Epoch 70: Training Loss 0.08692278127441182
Epoch 71: Training Loss 0.08680120417577529
Epoch 72: Training Loss 0.08581648682542661
Epoch 73: Training Loss 0.08590163138072686
Epoch 74: Training Loss 0.08714668157413258
Epoch 75: Training Loss 0.08655044812470893
Epoch 76: Training Loss 0.08634067815962831
Epoch 77: Training Loss 0.08690579579626778
Epoch 78: Training Loss 0.08691388663873612
Epoch 79: Training Loss 0.08793686655721769
Epoch 80: Training Loss 0.08704605479923637
Epoch 81: Training Loss 0.08662463692132691
Epoch 82: Training Loss 0.086873555337242
Epoch 83: Training Loss 0.08667806241347262
Epoch 84: Training Loss 0.08743884338509485
Epoch 85: Training Loss 0.08764615104378762
Epoch 86: Training Loss 0.08711476014136978
Epoch 87: Training Loss 0.08669398739692784
Epoch 88: Training Loss 0.08750733440899304
Epoch 89: Training Loss 0.0864910508678543
Epoch 90: Training Loss 0.08799248452770748
Epoch 91: Training Loss 0.08686752962798822
Epoch 92: Training Loss 0.08707911710902833
Epoch 93: Training Loss 0.08723602887510237
Epoch 94: Training Loss 0.08694123504234501
Epoch 95: Training Loss 0.08651757144450203
Epoch 96: Training Loss 0.08627314679363818
Epoch 97: Training Loss 0.08685924096835823
Epoch 98: Training Loss 0.08639478287586311
Epoch 99: Training Loss 0.08636809170897353
Epoch 100: Training Loss 0.08713523796619778
Epoch 100: Test Loss 0.1191141410967481
Best Test Loss 0.1191141410967481 on Epoch 100

Starting training... [21]
Epoch 1: Training Loss 0.10595019650720955
Epoch 2: Training Loss 0.0822084436576343
Epoch 3: Training Loss 0.08012850513014592
Epoch 4: Training Loss 0.07731994807164436
Epoch 5: Training Loss 0.07367591918557677
Epoch 6: Training Loss 0.07297377425405453
Epoch 7: Training Loss 0.07244110059328893
Epoch 8: Training Loss 0.07430808938234841
Epoch 9: Training Loss 0.07432695050587212
Epoch 10: Training Loss 0.07534212926634785
Epoch 11: Training Loss 0.07692992555304155
Epoch 12: Training Loss 0.07883863623637066
Epoch 13: Training Loss 0.07640313620201532
Epoch 14: Training Loss 0.0759635706895545
Epoch 15: Training Loss 0.07686117677092094
Epoch 16: Training Loss 0.07760582130829846
Epoch 17: Training Loss 0.07721637609438455
Epoch 18: Training Loss 0.07492458800777888
Epoch 19: Training Loss 0.07567299153477637
Epoch 20: Training Loss 0.07659331996345375
Epoch 21: Training Loss 0.07553017538143302
Epoch 22: Training Loss 0.07506055672878693
Epoch 23: Training Loss 0.07570180242098176
Epoch 24: Training Loss 0.07410670016811244
Epoch 25: Training Loss 0.0738068179484988
Epoch 26: Training Loss 0.07344425700610721
Epoch 27: Training Loss 0.07318112352977826
Epoch 28: Training Loss 0.07472453675954904
Epoch 29: Training Loss 0.07312878705470685
Epoch 30: Training Loss 0.07311730547017535
Epoch 31: Training Loss 0.07430789364080756
Epoch 32: Training Loss 0.0736901561042575
Epoch 33: Training Loss 0.07377461954882937
Epoch 34: Training Loss 0.07303247333840611
Epoch 35: Training Loss 0.07220692455717814
Epoch 36: Training Loss 0.07268207207938555
Epoch 37: Training Loss 0.07248265867547418
Epoch 38: Training Loss 0.07237078045629614
Epoch 39: Training Loss 0.0738923961951463
Epoch 40: Training Loss 0.07411656597049125
Epoch 41: Training Loss 0.07294105630206087
Epoch 42: Training Loss 0.07270115053083952
Epoch 43: Training Loss 0.07477713639480452
Epoch 44: Training Loss 0.07405927131221066
Epoch 45: Training Loss 0.07270063218666332
Epoch 46: Training Loss 0.07311108497374043
Epoch 47: Training Loss 0.07083556671166398
Epoch 48: Training Loss 0.07129356272787905
Epoch 49: Training Loss 0.0708878286586833
Epoch 50: Training Loss 0.07225685151892622
Epoch 51: Training Loss 0.0707350347274854
Epoch 52: Training Loss 0.06952715910210949
Epoch 53: Training Loss 0.07025057133030171
Epoch 54: Training Loss 0.07275217068832657
Epoch 55: Training Loss 0.07144383582003325
Epoch 56: Training Loss 0.07135221272996366
Epoch 57: Training Loss 0.07064211370450137
Epoch 58: Training Loss 0.0702687117846906
Epoch 59: Training Loss 0.07068778116494333
Epoch 60: Training Loss 0.07080918791573922
Epoch 61: Training Loss 0.06941867169170651
Epoch 62: Training Loss 0.07198162596258277
Epoch 63: Training Loss 0.07027410663853358
Epoch 64: Training Loss 0.07004848121044732
Epoch 65: Training Loss 0.07087218511090264
Epoch 66: Training Loss 0.07240938570497833
Epoch 67: Training Loss 0.07169669711504868
Epoch 68: Training Loss 0.07043702202618027
Epoch 69: Training Loss 0.07032318558904434
Epoch 70: Training Loss 0.07154913172680706
Epoch 71: Training Loss 0.07199900328358844
Epoch 72: Training Loss 0.06998787932273191
Epoch 73: Training Loss 0.06887718692954826
Epoch 74: Training Loss 0.07065469014226658
Epoch 75: Training Loss 0.06881255208084965
Epoch 76: Training Loss 0.06995481058441738
Epoch 77: Training Loss 0.07070860606660545
Epoch 78: Training Loss 0.06952578877027114
Epoch 79: Training Loss 0.06988072376591135
Epoch 80: Training Loss 0.06892007729881058
Epoch 81: Training Loss 0.06988708836072499
Epoch 82: Training Loss 0.06912537266712707
Epoch 83: Training Loss 0.07000427008189929
Epoch 84: Training Loss 0.07066054497511286
Epoch 85: Training Loss 0.06926856646360602
Epoch 86: Training Loss 0.06858701039057603
Epoch 87: Training Loss 0.07030479267175324
Epoch 88: Training Loss 0.07026677788164513
Epoch 89: Training Loss 0.0694592232869454
Epoch 90: Training Loss 0.06971793554712288
Epoch 91: Training Loss 0.07017198858118172
Epoch 92: Training Loss 0.07024080611608541
Epoch 93: Training Loss 0.06886588871012442
Epoch 94: Training Loss 0.06970662688739693
Epoch 95: Training Loss 0.06968046109482816
Epoch 96: Training Loss 0.06928602181356683
Epoch 97: Training Loss 0.06826260389222068
Epoch 98: Training Loss 0.0687032471295261
Epoch 99: Training Loss 0.06935236704926359
Epoch 100: Training Loss 0.06907538756989105
Epoch 100: Test Loss 0.11905155125265014
Best Test Loss 0.11905155125265014 on Epoch 100

Starting training... [22]
Epoch 1: Training Loss 0.13578915045343384
Epoch 2: Training Loss 0.08804592592331202
Epoch 3: Training Loss 0.08347375969773488
Epoch 4: Training Loss 0.08398613672695293
Epoch 5: Training Loss 0.08255631906170906
Epoch 6: Training Loss 0.08180486972028718
Epoch 7: Training Loss 0.08235072793665019
Epoch 8: Training Loss 0.0821348915603859
Epoch 9: Training Loss 0.08290626361391697
Epoch 10: Training Loss 0.08310658877574385
Epoch 11: Training Loss 0.08399776255583387
Epoch 12: Training Loss 0.08664392705137114
Epoch 13: Training Loss 0.08556649459422565
Epoch 14: Training Loss 0.08769521021982912
Epoch 15: Training Loss 0.08529935691678044
Epoch 16: Training Loss 0.08587049605397727
Epoch 17: Training Loss 0.08559566181616103
Epoch 18: Training Loss 0.08491694424001169
Epoch 19: Training Loss 0.08539612809169786
Epoch 20: Training Loss 0.08576010195946555
Epoch 21: Training Loss 0.0854438185601243
Epoch 22: Training Loss 0.08611091420098631
Epoch 23: Training Loss 0.08544064705525165
Epoch 24: Training Loss 0.08560320096647991
Epoch 25: Training Loss 0.08445272173350468
Epoch 26: Training Loss 0.08531893342926795
Epoch 27: Training Loss 0.08685238922990049
Epoch 28: Training Loss 0.08439677548490437
Epoch 29: Training Loss 0.08391668248016929
Epoch 30: Training Loss 0.08610861712986669
Epoch 31: Training Loss 0.08522044877266231
Epoch 32: Training Loss 0.08553903914984982
Epoch 33: Training Loss 0.0844059433755126
Epoch 34: Training Loss 0.08436173487184515
Epoch 35: Training Loss 0.08494406767399344
Epoch 36: Training Loss 0.08583041907432035
Epoch 37: Training Loss 0.08416771998645448
Epoch 38: Training Loss 0.08535599345910495
Epoch 39: Training Loss 0.08711985850677152
Epoch 40: Training Loss 0.08710926236561263
Epoch 41: Training Loss 0.08639820181301132
Epoch 42: Training Loss 0.08514955060203089
Epoch 43: Training Loss 0.08473565384883139
Epoch 44: Training Loss 0.08650776192658821
Epoch 45: Training Loss 0.08527717699810929
Epoch 46: Training Loss 0.08447872542938747
Epoch 47: Training Loss 0.08477581773007509
Epoch 48: Training Loss 0.08482408070978777
Epoch 49: Training Loss 0.08608447782675027
Epoch 50: Training Loss 0.08502692106013852
Epoch 51: Training Loss 0.08429436948496206
Epoch 52: Training Loss 0.08471700512060534
Epoch 53: Training Loss 0.08552516832584081
Epoch 54: Training Loss 0.08580574269330583
Epoch 55: Training Loss 0.08659561911466467
Epoch 56: Training Loss 0.08651076651281141
Epoch 57: Training Loss 0.08470480833682714
Epoch 58: Training Loss 0.08462793419899053
Epoch 59: Training Loss 0.08508372449534976
Epoch 60: Training Loss 0.08450200080946334
Epoch 61: Training Loss 0.08466003696442542
Epoch 62: Training Loss 0.08456901352935645
Epoch 63: Training Loss 0.08532128024238388
Epoch 64: Training Loss 0.08451482483805804
Epoch 65: Training Loss 0.08580685558651882
Epoch 66: Training Loss 0.08551999483902599
Epoch 67: Training Loss 0.08476530472992717
Epoch 68: Training Loss 0.08594251771727762
Epoch 69: Training Loss 0.08528186001060105
Epoch 70: Training Loss 0.08494146629977495
Epoch 71: Training Loss 0.08593047505353245
Epoch 72: Training Loss 0.08437392989655024
Epoch 73: Training Loss 0.0857744477507851
Epoch 74: Training Loss 0.08588409005599369
Epoch 75: Training Loss 0.0864026419565309
Epoch 76: Training Loss 0.08663182641145173
Epoch 77: Training Loss 0.08478780582498215
Epoch 78: Training Loss 0.0855920145097393
Epoch 79: Training Loss 0.0869100927062687
Epoch 80: Training Loss 0.08501069664931604
Epoch 81: Training Loss 0.0858077714999605
Epoch 82: Training Loss 0.0853150640212139
Epoch 83: Training Loss 0.08627153981459587
Epoch 84: Training Loss 0.08629035182049767
Epoch 85: Training Loss 0.08609117156921342
Epoch 86: Training Loss 0.08683972700468467
Epoch 87: Training Loss 0.087391125752388
Epoch 88: Training Loss 0.08624036176236233
Epoch 89: Training Loss 0.08632829632014771
Epoch 90: Training Loss 0.08641054304371046
Epoch 91: Training Loss 0.0863519407572932
Epoch 92: Training Loss 0.08647031442944182
Epoch 93: Training Loss 0.08708087667282183
Epoch 94: Training Loss 0.08681104050713766
Epoch 95: Training Loss 0.08729470495543991
Epoch 96: Training Loss 0.08738823031683285
Epoch 97: Training Loss 0.08624220892118745
Epoch 98: Training Loss 0.0863933294605959
Epoch 99: Training Loss 0.08636053298272557
Epoch 100: Training Loss 0.08651845891537788
Epoch 100: Test Loss 0.10256150397806704
Best Test Loss 0.10256150397806704 on Epoch 100

Starting training... [23]
Epoch 1: Training Loss 0.08839958532636506
Epoch 2: Training Loss 0.060693754811436636
Epoch 3: Training Loss 0.05761168859941878
Epoch 4: Training Loss 0.05625403670927352
Epoch 5: Training Loss 0.05297255524831453
Epoch 6: Training Loss 0.05498738553728451
Epoch 7: Training Loss 0.055387666498584245
Epoch 8: Training Loss 0.052339857388568764
Epoch 9: Training Loss 0.05293730754718926
Epoch 10: Training Loss 0.054635429354023206
Epoch 11: Training Loss 0.052758571631905005
Epoch 12: Training Loss 0.05231844338508387
Epoch 13: Training Loss 0.053430925657301856
Epoch 14: Training Loss 0.0538714478310106
Epoch 15: Training Loss 0.053719961594487324
Epoch 16: Training Loss 0.056030657599209305
Epoch 17: Training Loss 0.05512964990780307
Epoch 18: Training Loss 0.05477102147974502
Epoch 19: Training Loss 0.05628531565621148
Epoch 20: Training Loss 0.056542872737062815
Epoch 21: Training Loss 0.05615877464281715
Epoch 22: Training Loss 0.05689542524581764
Epoch 23: Training Loss 0.05625893307945203
Epoch 24: Training Loss 0.05590173124353352
Epoch 25: Training Loss 0.05605232933608838
Epoch 26: Training Loss 0.05551003923851801
Epoch 27: Training Loss 0.05596753380499408
Epoch 28: Training Loss 0.05583714143440239
Epoch 29: Training Loss 0.0571786943468156
Epoch 30: Training Loss 0.056744249623932416
Epoch 31: Training Loss 0.0562441288761741
Epoch 32: Training Loss 0.05595154213072031
Epoch 33: Training Loss 0.055767765274414634
Epoch 34: Training Loss 0.058006793090830476
Epoch 35: Training Loss 0.057394734418392
Epoch 36: Training Loss 0.057347750884008106
Epoch 37: Training Loss 0.05665111976912685
Epoch 38: Training Loss 0.05642308771806039
Epoch 39: Training Loss 0.05747486598461294
Epoch 40: Training Loss 0.05641938651741765
Epoch 41: Training Loss 0.05845041959911945
Epoch 42: Training Loss 0.057019849717259964
Epoch 43: Training Loss 0.05591448404241335
Epoch 44: Training Loss 0.0565576185645901
Epoch 45: Training Loss 0.057137649925620836
Epoch 46: Training Loss 0.05628807374729518
Epoch 47: Training Loss 0.05672587595614129
Epoch 48: Training Loss 0.05652952153910255
Epoch 49: Training Loss 0.057156761051380504
Epoch 50: Training Loss 0.0560969602792396
Epoch 51: Training Loss 0.05586510231909656
Epoch 52: Training Loss 0.05677645466338013
Epoch 53: Training Loss 0.05571005985326637
Epoch 54: Training Loss 0.054795669900021715
Epoch 55: Training Loss 0.055878227437317754
Epoch 56: Training Loss 0.05753160570426315
Epoch 57: Training Loss 0.056863042623922715
Epoch 58: Training Loss 0.05609675797030234
Epoch 59: Training Loss 0.05496714764335767
Epoch 60: Training Loss 0.05536618075698575
Epoch 61: Training Loss 0.055191210686155574
Epoch 62: Training Loss 0.05529441943092848
Epoch 63: Training Loss 0.05426371553287704
Epoch 64: Training Loss 0.054893064365388954
Epoch 65: Training Loss 0.055801261132059056
Epoch 66: Training Loss 0.05490227836041529
Epoch 67: Training Loss 0.05724001153485856
Epoch 68: Training Loss 0.0555917280492753
Epoch 69: Training Loss 0.055855640075062635
Epoch 70: Training Loss 0.05635464888266655
Epoch 71: Training Loss 0.05597954740844596
Epoch 72: Training Loss 0.056747056034498776
Epoch 73: Training Loss 0.05677576355323194
Epoch 74: Training Loss 0.0548596266809897
Epoch 75: Training Loss 0.056822255009012466
Epoch 76: Training Loss 0.05443308764058659
Epoch 77: Training Loss 0.055099906359814245
Epoch 78: Training Loss 0.05362801638758259
Epoch 79: Training Loss 0.05419058018789797
Epoch 80: Training Loss 0.054333988612911104
Epoch 81: Training Loss 0.05478702743078204
Epoch 82: Training Loss 0.05441458452999664
Epoch 83: Training Loss 0.05422045406210884
Epoch 84: Training Loss 0.05327372308426385
Epoch 85: Training Loss 0.05350251437434084
Epoch 86: Training Loss 0.05497413991937159
Epoch 87: Training Loss 0.056871355206768594
Epoch 88: Training Loss 0.053898732595722885
Epoch 89: Training Loss 0.05543925520830104
Epoch 90: Training Loss 0.0544301579411318
Epoch 91: Training Loss 0.05439628697085228
Epoch 92: Training Loss 0.053287245975381085
Epoch 93: Training Loss 0.053705698384649767
Epoch 94: Training Loss 0.054254067471485735
Epoch 95: Training Loss 0.053787724628765986
Epoch 96: Training Loss 0.054801216010840766
Epoch 97: Training Loss 0.05404404167657158
Epoch 98: Training Loss 0.05491276914641551
Epoch 99: Training Loss 0.053729837667161565
Epoch 100: Training Loss 0.053237380134764783
Epoch 100: Test Loss 0.0853854845921721
Best Test Loss 0.0853854845921721 on Epoch 100

Starting training... [24*]
Epoch 1: Training Loss 0.06262248257258979
Epoch 2: Training Loss 0.04519092893171085
Epoch 3: Training Loss 0.04236353519659171
Epoch 4: Training Loss 0.04107674871428376
Epoch 5: Training Loss 0.03904352940248949
Epoch 6: Training Loss 0.03801644365043472
Epoch 7: Training Loss 0.03820295566632287
Epoch 8: Training Loss 0.03720845768429379
Epoch 9: Training Loss 0.03775244939650977
Epoch 10: Training Loss 0.03600636137011147
Epoch 11: Training Loss 0.03687654190097831
Epoch 12: Training Loss 0.03572030415112969
Epoch 13: Training Loss 0.03578815689025198
Epoch 14: Training Loss 0.04340827909985882
Epoch 15: Training Loss 0.04105267166278145
Epoch 16: Training Loss 0.03939609682969256
Epoch 17: Training Loss 0.03780578892966292
Epoch 18: Training Loss 0.03863011205405749
Epoch 19: Training Loss 0.036721257242638305
Epoch 20: Training Loss 0.03809929261512648
Epoch 21: Training Loss 0.040465141883062286
Epoch 22: Training Loss 0.03831872513209873
Epoch 23: Training Loss 0.038662362649527236
Epoch 24: Training Loss 0.038581268611523035
Epoch 25: Training Loss 0.03881782569158784
Epoch 26: Training Loss 0.03847483037892978
Epoch 27: Training Loss 0.03694057551793338
Epoch 28: Training Loss 0.04282083576752506
Epoch 29: Training Loss 0.03908604988795739
Epoch 30: Training Loss 0.04152701585008813
Epoch 31: Training Loss 0.038013399203376416
Epoch 32: Training Loss 0.037559823749501106
Epoch 33: Training Loss 0.03924030374140662
Epoch 34: Training Loss 0.03931309405506831
Epoch 35: Training Loss 0.03901610522477096
Epoch 36: Training Loss 0.039703534193928525
Epoch 37: Training Loss 0.043119667890476686
Epoch 38: Training Loss 0.040637569010837024
Epoch 39: Training Loss 0.03926931997316304
Epoch 40: Training Loss 0.03815817417170658
Epoch 41: Training Loss 0.036975931076996295
Epoch 42: Training Loss 0.03769479274047898
Epoch 43: Training Loss 0.039285321967217825
Epoch 44: Training Loss 0.03808827576111123
Epoch 45: Training Loss 0.037577381647488084
Epoch 46: Training Loss 0.037400192015680324
Epoch 47: Training Loss 0.0377606040004592
Epoch 48: Training Loss 0.03863192070595644
Epoch 49: Training Loss 0.04037953669768765
Epoch 50: Training Loss 0.04305606257155325
Epoch 51: Training Loss 0.038351415623795536
Epoch 52: Training Loss 0.037544772021295754
Epoch 53: Training Loss 0.039297883804111734
Epoch 54: Training Loss 0.037785393419807044
Epoch 55: Training Loss 0.03760811951633122
Epoch 56: Training Loss 0.0371718519097812
Epoch 57: Training Loss 0.03741210475590356
Epoch 58: Training Loss 0.03854117926387307
Epoch 59: Training Loss 0.037645595143994445
Epoch 60: Training Loss 0.03857274323249489
Epoch 61: Training Loss 0.0415696579696265
Epoch 62: Training Loss 0.03999030250595747
Epoch 63: Training Loss 0.03764617604674101
Epoch 64: Training Loss 0.03731948248407883
Epoch 65: Training Loss 0.038428677766141936
Epoch 66: Training Loss 0.03616884444316046
Epoch 67: Training Loss 0.03598911011063811
Epoch 68: Training Loss 0.038771381172126
Epoch 69: Training Loss 0.03842575865539283
Epoch 70: Training Loss 0.03688755999968025
Epoch 71: Training Loss 0.03710778888790728
Epoch 72: Training Loss 0.03856588901743523
Epoch 73: Training Loss 0.03644202575987305
Epoch 74: Training Loss 0.036709591829679845
Epoch 75: Training Loss 0.03637383206270164
Epoch 76: Training Loss 0.03533037119347144
Epoch 77: Training Loss 0.036120241454593006
Epoch 78: Training Loss 0.035954095866363
Epoch 79: Training Loss 0.03618780218094872
Epoch 80: Training Loss 0.03532183175579135
Epoch 81: Training Loss 0.03559211670457474
Epoch 82: Training Loss 0.03523093527085734
Epoch 83: Training Loss 0.038585978768047625
Epoch 84: Training Loss 0.03679799641251364
Epoch 85: Training Loss 0.035699870976975086
Epoch 86: Training Loss 0.0353525972776924
Epoch 87: Training Loss 0.037047277853667966
Epoch 88: Training Loss 0.03730350236378074
Epoch 89: Training Loss 0.0372563020272546
Epoch 90: Training Loss 0.03584118526475162
Epoch 91: Training Loss 0.035153994167334855
Epoch 92: Training Loss 0.03502718826016481
Epoch 93: Training Loss 0.03696880455079811
Epoch 94: Training Loss 0.036234417170509375
Epoch 95: Training Loss 0.03610322280699681
Epoch 96: Training Loss 0.03651345890269879
Epoch 97: Training Loss 0.0362026376951123
Epoch 98: Training Loss 0.03591602632801314
Epoch 99: Training Loss 0.03535752613355773
Epoch 100: Training Loss 0.03498858700610075
Epoch 100: Test Loss 0.0621420948985419
Best Test Loss 0.0621420948985419 on Epoch 100

Starting training... [25*]
Epoch 1: Training Loss 0.060422186900211096
Epoch 2: Training Loss 0.039810552418272326
Epoch 3: Training Loss 0.03575888332691535
Epoch 4: Training Loss 0.033853119735457585
Epoch 5: Training Loss 0.03160496751665463
Epoch 6: Training Loss 0.030928380876873336
Epoch 7: Training Loss 0.029737432328888928
Epoch 8: Training Loss 0.02947651491057609
Epoch 9: Training Loss 0.02837916953828075
Epoch 10: Training Loss 0.028774540815043298
Epoch 11: Training Loss 0.028199281410656547
Epoch 12: Training Loss 0.02884278962964782
Epoch 13: Training Loss 0.027509553893208378
Epoch 14: Training Loss 0.027053652043983255
Epoch 15: Training Loss 0.02702796752025439
Epoch 16: Training Loss 0.02604127668420916
Epoch 17: Training Loss 0.025891961833552357
Epoch 18: Training Loss 0.02535915404519606
Epoch 19: Training Loss 0.026119081341071264
Epoch 20: Training Loss 0.0270792081356313
Epoch 21: Training Loss 0.025827240471119547
Epoch 22: Training Loss 0.027162695458377375
Epoch 23: Training Loss 0.02553449184608708
Epoch 24: Training Loss 0.0268786112825826
Epoch 25: Training Loss 0.025780530911809447
Epoch 26: Training Loss 0.024993741765591142
Epoch 27: Training Loss 0.024426537058140452
Epoch 28: Training Loss 0.027316906538412393
Epoch 29: Training Loss 0.025945187896991354
Epoch 30: Training Loss 0.024619512856035385
Epoch 31: Training Loss 0.024217802198755713
Epoch 32: Training Loss 0.024675358970704754
Epoch 33: Training Loss 0.02541971276247485
Epoch 34: Training Loss 0.02440501672550084
Epoch 35: Training Loss 0.024036761622222222
Epoch 36: Training Loss 0.024745264844244073
Epoch 37: Training Loss 0.024753270188449326
Epoch 38: Training Loss 0.026073487715640956
Epoch 39: Training Loss 0.024561612663290433
Epoch 40: Training Loss 0.02414983295726951
Epoch 41: Training Loss 0.024268142078280944
Epoch 42: Training Loss 0.025916189554224468
Epoch 43: Training Loss 0.024878100820752806
Epoch 44: Training Loss 0.024916735567418066
Epoch 45: Training Loss 0.02544815210607129
Epoch 46: Training Loss 0.02471932403192946
Epoch 47: Training Loss 0.024808977779869155
Epoch 48: Training Loss 0.02587905205882433
Epoch 49: Training Loss 0.02523999936134578
Epoch 50: Training Loss 0.02516800709449858
Epoch 51: Training Loss 0.026512559918350012
Epoch 52: Training Loss 0.025487075175419486
Epoch 53: Training Loss 0.025533397856378627
Epoch 54: Training Loss 0.02525217374411331
Epoch 55: Training Loss 0.025620122346833474
Epoch 56: Training Loss 0.025435839982209628
Epoch 57: Training Loss 0.025555988201949386
Epoch 58: Training Loss 0.026553265842258797
Epoch 59: Training Loss 0.02669603496920632
Epoch 60: Training Loss 0.02769891042491189
Epoch 61: Training Loss 0.026410722043640512
Epoch 62: Training Loss 0.02695498121354473
Epoch 63: Training Loss 0.02609603944200844
Epoch 64: Training Loss 0.025905943306854504
Epoch 65: Training Loss 0.025744677923538576
Epoch 66: Training Loss 0.026663812274056325
Epoch 67: Training Loss 0.027838146837094832
Epoch 68: Training Loss 0.027634515240071607
Epoch 69: Training Loss 0.02669585655680277
Epoch 70: Training Loss 0.026162945819747388
Epoch 71: Training Loss 0.026949118455859494
Epoch 72: Training Loss 0.026026739397287748
Epoch 73: Training Loss 0.025877180363070688
Epoch 74: Training Loss 0.026411522673816752
Epoch 75: Training Loss 0.026372437147055398
Epoch 76: Training Loss 0.0257508632448161
Epoch 77: Training Loss 0.02563156631870077
Epoch 78: Training Loss 0.026385906045660764
Epoch 79: Training Loss 0.026229092096264162
Epoch 80: Training Loss 0.02685799689392899
Epoch 81: Training Loss 0.026199065556732022
Epoch 82: Training Loss 0.025929210844793958
Epoch 83: Training Loss 0.025765252297338684
Epoch 84: Training Loss 0.027539901543250363
Epoch 85: Training Loss 0.026946931234708395
Epoch 86: Training Loss 0.0262067327022175
Epoch 87: Training Loss 0.026653614090186083
Epoch 88: Training Loss 0.026840398070125893
Epoch 89: Training Loss 0.0273099153858676
Epoch 90: Training Loss 0.026948637390745822
Epoch 91: Training Loss 0.026311540069034627
Epoch 92: Training Loss 0.025922739209743535
Epoch 93: Training Loss 0.02658216716268872
Epoch 94: Training Loss 0.027176815294172377
Epoch 95: Training Loss 0.027351467217811266
Epoch 96: Training Loss 0.026253317466699132
Epoch 97: Training Loss 0.02689457999328306
Epoch 98: Training Loss 0.026606611209320025
Epoch 99: Training Loss 0.026692502405332295
Epoch 100: Training Loss 0.02614707007280767
Epoch 100: Test Loss 0.05067905994121127
Best Test Loss 0.05067905994121127 on Epoch 100

Starting training... [26*]
Epoch 1: Training Loss 0.12431878619147316
Epoch 2: Training Loss 0.08616482188323119
Epoch 3: Training Loss 0.07953073098063332
Epoch 4: Training Loss 0.07568272970679711
Epoch 5: Training Loss 0.07380091278165377
Epoch 6: Training Loss 0.07342852697480862
Epoch 7: Training Loss 0.07456067780762218
Epoch 8: Training Loss 0.07276416792590697
Epoch 9: Training Loss 0.07361672040084095
Epoch 10: Training Loss 0.0744321302981375
Epoch 11: Training Loss 0.07607523302228109
Epoch 12: Training Loss 0.07594328131644065
Epoch 13: Training Loss 0.0780384269762177
Epoch 14: Training Loss 0.07867166351980853
Epoch 15: Training Loss 0.07916765648827091
Epoch 16: Training Loss 0.07903326742922766
Epoch 17: Training Loss 0.0797700287454839
Epoch 18: Training Loss 0.0796161850515001
Epoch 19: Training Loss 0.07880969734674138
Epoch 20: Training Loss 0.07957122174453728
Epoch 21: Training Loss 0.07957519632226963
Epoch 22: Training Loss 0.08151186542891495
Epoch 23: Training Loss 0.08165402658594821
Epoch 24: Training Loss 0.08149423935334857
Epoch 25: Training Loss 0.0804755288804602
Epoch 26: Training Loss 0.07922364330690256
Epoch 27: Training Loss 0.08043094037773511
Epoch 28: Training Loss 0.08102543131319966
Epoch 29: Training Loss 0.07999724012292334
Epoch 30: Training Loss 0.08113131980324766
Epoch 31: Training Loss 0.079275892957069
Epoch 32: Training Loss 0.08007114004637013
Epoch 33: Training Loss 0.07941802322107558
Epoch 34: Training Loss 0.08000268643460974
Epoch 35: Training Loss 0.07871516655596625
Epoch 36: Training Loss 0.08004782000828238
Epoch 37: Training Loss 0.0786895317326095
Epoch 38: Training Loss 0.08049765738671864
Epoch 39: Training Loss 0.07945027891544708
Epoch 40: Training Loss 0.079546449547275
Epoch 41: Training Loss 0.07879966564059641
Epoch 42: Training Loss 0.07891647431729014
Epoch 43: Training Loss 0.07862156113853315
Epoch 44: Training Loss 0.07871632872566435
Epoch 45: Training Loss 0.078624225484873
Epoch 46: Training Loss 0.07799954687241256
Epoch 47: Training Loss 0.07831764805858608
Epoch 48: Training Loss 0.07812264542626686
Epoch 49: Training Loss 0.07851011077221473
Epoch 50: Training Loss 0.07864356651314512
Epoch 51: Training Loss 0.07731229258937942
Epoch 52: Training Loss 0.07745918403465821
Epoch 53: Training Loss 0.07749984481130624
Epoch 54: Training Loss 0.07649615062794117
Epoch 55: Training Loss 0.07662798719615653
Epoch 56: Training Loss 0.07906479326234413
Epoch 57: Training Loss 0.07720871067914728
Epoch 58: Training Loss 0.07710734272667581
Epoch 59: Training Loss 0.07707870826535274
Epoch 60: Training Loss 0.07675514168623923
Epoch 61: Training Loss 0.0762273632278061
Epoch 62: Training Loss 0.07722168663645308
Epoch 63: Training Loss 0.07591149113431954
Epoch 64: Training Loss 0.07756337929670586
Epoch 65: Training Loss 0.07651166453489723
Epoch 66: Training Loss 0.07736961509654665
Epoch 67: Training Loss 0.0760540703372358
Epoch 68: Training Loss 0.07582735528615957
Epoch 69: Training Loss 0.07539513185238438
Epoch 70: Training Loss 0.07648262119660601
Epoch 71: Training Loss 0.07651396768129559
Epoch 72: Training Loss 0.07633562310498816
Epoch 73: Training Loss 0.07585073931956855
Epoch 74: Training Loss 0.0761075620561573
Epoch 75: Training Loss 0.07693434010764517
Epoch 76: Training Loss 0.07739768730711949
Epoch 77: Training Loss 0.0765152965792425
Epoch 78: Training Loss 0.07648258006358534
Epoch 79: Training Loss 0.07640948297372575
Epoch 80: Training Loss 0.07679612263115657
Epoch 81: Training Loss 0.07609601846413518
Epoch 82: Training Loss 0.07579326446075932
Epoch 83: Training Loss 0.07511624669692028
Epoch 84: Training Loss 0.0754791108439785
Epoch 85: Training Loss 0.07674547011185756
Epoch 86: Training Loss 0.07710226349579745
Epoch 87: Training Loss 0.07599228172386065
Epoch 88: Training Loss 0.07584370054008249
Epoch 89: Training Loss 0.07528985778720286
Epoch 90: Training Loss 0.0757843144173857
Epoch 91: Training Loss 0.0761708575896511
Epoch 92: Training Loss 0.07570229322749507
Epoch 93: Training Loss 0.07708630115682769
Epoch 94: Training Loss 0.0759828402753212
Epoch 95: Training Loss 0.07575699638262491
Epoch 96: Training Loss 0.075534853152386
Epoch 97: Training Loss 0.07702950752153011
Epoch 98: Training Loss 0.07598487600694796
Epoch 99: Training Loss 0.07534529235817469
Epoch 100: Training Loss 0.07465171058223084
Epoch 100: Test Loss 0.10170104009774779
Best Test Loss 0.10170104009774779 on Epoch 100

Starting training... [10]
Epoch 1: Training Loss 0.17928209905327366
Epoch 2: Training Loss 0.16463200852262314
Epoch 3: Training Loss 0.16835749621287155
Epoch 4: Training Loss 0.17292737401757366
Epoch 5: Training Loss 0.17220882060396972
Epoch 6: Training Loss 0.17225754694568274
Epoch 7: Training Loss 0.17193609316190386
Epoch 8: Training Loss 0.16810169367136532
Epoch 9: Training Loss 0.1697615944938003
Epoch 10: Training Loss 0.1650883022873271
Epoch 11: Training Loss 0.16492950394844144
Epoch 12: Training Loss 0.16575120209586797
Epoch 13: Training Loss 0.16200258073889137
Epoch 14: Training Loss 0.16321439224611048
Epoch 15: Training Loss 0.16301716419044124
Epoch 16: Training Loss 0.16060064579413877
Epoch 17: Training Loss 0.15958450944938032
Epoch 18: Training Loss 0.15958428109055858
Epoch 19: Training Loss 0.16031236413757471
Epoch 20: Training Loss 0.1617530588248205
Epoch 21: Training Loss 0.1589711656458472
Epoch 22: Training Loss 0.1593246734855792
Epoch 23: Training Loss 0.15987481393847508
Epoch 24: Training Loss 0.1597921030810903
Epoch 25: Training Loss 0.1597476660725191
Epoch 26: Training Loss 0.1598189038908125
Epoch 27: Training Loss 0.15652004258232072
Epoch 28: Training Loss 0.15594362302662892
Epoch 29: Training Loss 0.1597154499835933
Epoch 30: Training Loss 0.15751547103767496
Epoch 31: Training Loss 0.15728666635826205
Epoch 32: Training Loss 0.157542492696951
Epoch 33: Training Loss 0.1537237081774881
Epoch 34: Training Loss 0.15609662805807073
Epoch 35: Training Loss 0.1558522296171884
Epoch 36: Training Loss 0.15603102010109557
Epoch 37: Training Loss 0.1552445230644502
Epoch 38: Training Loss 0.1543468526809987
Epoch 39: Training Loss 0.15572650808040792
Epoch 40: Training Loss 0.15406522864536665
Epoch 41: Training Loss 0.15352810775721235
Epoch 42: Training Loss 0.15292163751164514
Epoch 43: Training Loss 0.15244352862872587
Epoch 44: Training Loss 0.15380648036604247
Epoch 45: Training Loss 0.15423797444891696
Epoch 46: Training Loss 0.15479197299965625
Epoch 47: Training Loss 0.15459342732988016
Epoch 48: Training Loss 0.15648831532582536
Epoch 49: Training Loss 0.15773569917082583
Epoch 50: Training Loss 0.15786550326109758
Epoch 51: Training Loss 0.15553088166352078
Epoch 52: Training Loss 0.15507620208383985
Epoch 53: Training Loss 0.15543989086576848
Epoch 54: Training Loss 0.15273778449751135
Epoch 55: Training Loss 0.15280838154775017
Epoch 56: Training Loss 0.15197057637229242
Epoch 57: Training Loss 0.15257827038047087
Epoch 58: Training Loss 0.1531860591870826
Epoch 59: Training Loss 0.15390205356790593
Epoch 60: Training Loss 0.15014177694129974
Epoch 61: Training Loss 0.14861746117999147
Epoch 62: Training Loss 0.1512070502204131
Epoch 63: Training Loss 0.15114653991833846
Epoch 64: Training Loss 0.14995075048228615
Epoch 65: Training Loss 0.1509729009822365
Epoch 66: Training Loss 0.15091269798002063
Epoch 67: Training Loss 0.1524824516414093
Epoch 68: Training Loss 0.14903755220892007
Epoch 69: Training Loss 0.15009898483264378
Epoch 70: Training Loss 0.1498367089757692
Epoch 71: Training Loss 0.14815954270319137
Epoch 72: Training Loss 0.14843566637344682
Epoch 73: Training Loss 0.14911396739137353
Epoch 74: Training Loss 0.14992002548781402
Epoch 75: Training Loss 0.15053267720974722
Epoch 76: Training Loss 0.14794454622192202
Epoch 77: Training Loss 0.14803896822623056
Epoch 78: Training Loss 0.14734574567961575
Epoch 79: Training Loss 0.1487488415988621
Epoch 80: Training Loss 0.14911485208673708
Epoch 81: Training Loss 0.15345364132296725
Epoch 82: Training Loss 0.15171099775429321
Epoch 83: Training Loss 0.1500077088999978
Epoch 84: Training Loss 0.14910793435234423
Epoch 85: Training Loss 0.14796831757147052
Epoch 86: Training Loss 0.14802197666504891
Epoch 87: Training Loss 0.14802197666504891
Epoch 88: Training Loss 0.14735156696386947
Epoch 89: Training Loss 0.15113239426428750
Epoch 90: Training Loss 0.15243376550885973
Epoch 91: Training Loss 0.15349395388041075
Epoch 92: Training Loss 0.15206923885673736
Epoch 93: Training Loss 0.15477689695351213
Epoch 94: Training Loss 0.1538606496405267
Epoch 95: Training Loss 0.1526644061602951
Epoch 96: Training Loss 0.1498224964077347
Epoch 97: Training Loss 0.1471499612355964
Epoch 98: Training Loss 0.1474112577122329
Epoch 99: Training Loss 0.1463277208094334
Epoch 100: Training Loss 0.1462709084967155
Epoch 100: Test Loss 0.22610778566442624
Best Test Loss 0.22610778566442624 on Epoch 80